INFO: 05/07/2024 11:48:24 AM       tritonutils.py  37 : Triton is available
INFO: 05/07/2024 12:33:48 PM       tritonutils.py  37 : Triton is available
INFO: 05/07/2024 12:34:23 PM       tritonutils.py  37 : Triton is available
INFO: 05/07/2024 12:40:44 PM       tritonutils.py  37 : Triton is available
INFO: 05/07/2024 12:41:27 PM       tritonutils.py  37 : Triton is available
INFO: 05/07/2024 12:41:34 PM       tritonutils.py  37 : Triton is available
INFO: 05/07/2024 12:46:40 PM       tritonutils.py  37 : Triton is available
INFO: 05/07/2024 12:49:47 PM       tritonutils.py  37 : Triton is available
INFO: 05/07/2024 12:57:15 PM       tritonutils.py  37 : Triton is available
INFO: 05/07/2024 12:57:15 PM       tritonutils.py  46 : Adding model kol.
INFO: 05/07/2024 12:58:10 PM       tritonutils.py  37 : Triton is available
INFO: 05/07/2024 12:58:10 PM       tritonutils.py  46 : Adding model kol.
INFO: 05/07/2024 01:27:09 PM       tritonutils.py  39 : Triton is available
INFO: 05/07/2024 01:27:09 PM       tritonutils.py  48 : Adding model kol.
INFO: 05/07/2024 01:27:42 PM       tritonutils.py  40 : Triton is available
INFO: 05/07/2024 01:27:42 PM       tritonutils.py  49 : Adding model kol.
INFO: 05/07/2024 01:29:34 PM       tritonutils.py  40 : Triton is available
INFO: 05/07/2024 01:29:34 PM       tritonutils.py  49 : Adding model kol.
INFO: 05/07/2024 01:34:48 PM       tritonutils.py  40 : Triton is available
INFO: 05/07/2024 01:34:48 PM       tritonutils.py  49 : Adding model kol.
INFO: 05/07/2024 01:34:48 PM       tritonutils.py  53 : Model directory created at /Users/codycf/Desktop/arvo/server/docs/examples/model_repository/kol/1
INFO: 05/07/2024 01:34:48 PM       tritonutils.py  49 : Adding model kol.
INFO: 05/07/2024 01:34:48 PM       tritonutils.py  53 : Model directory created at /Users/codycf/Desktop/arvo/server/docs/examples/model_repository/kol/1
INFO: 05/07/2024 01:34:48 PM       tritonutils.py  49 : Adding model kol.
INFO: 05/07/2024 01:34:48 PM       tritonutils.py  53 : Model directory created at /Users/codycf/Desktop/arvo/server/docs/examples/model_repository/kol/1
INFO: 05/07/2024 01:34:48 PM       tritonutils.py  49 : Adding model kol.
INFO: 05/07/2024 01:34:48 PM       tritonutils.py  53 : Model directory created at /Users/codycf/Desktop/arvo/server/docs/examples/model_repository/kol/1
INFO: 05/07/2024 01:34:48 PM       tritonutils.py  49 : Adding model kol.
INFO: 05/07/2024 01:34:48 PM       tritonutils.py  53 : Model directory created at /Users/codycf/Desktop/arvo/server/docs/examples/model_repository/kol/1
INFO: 05/07/2024 01:34:48 PM       tritonutils.py  49 : Adding model kol.
INFO: 05/07/2024 01:34:48 PM       tritonutils.py  53 : Model directory created at /Users/codycf/Desktop/arvo/server/docs/examples/model_repository/kol/1
INFO: 05/07/2024 01:34:48 PM       tritonutils.py  49 : Adding model kol.
INFO: 05/07/2024 01:34:48 PM       tritonutils.py  53 : Model directory created at /Users/codycf/Desktop/arvo/server/docs/examples/model_repository/kol/1
INFO: 05/07/2024 01:34:48 PM       tritonutils.py  49 : Adding model kol.
INFO: 05/07/2024 01:34:48 PM       tritonutils.py  53 : Model directory created at /Users/codycf/Desktop/arvo/server/docs/examples/model_repository/kol/1
INFO: 05/07/2024 01:34:48 PM       tritonutils.py  49 : Adding model kol.
INFO: 05/07/2024 01:34:48 PM       tritonutils.py  53 : Model directory created at /Users/codycf/Desktop/arvo/server/docs/examples/model_repository/kol/1
INFO: 05/07/2024 01:36:50 PM       tritonutils.py  40 : Triton is available
INFO: 05/07/2024 01:36:50 PM       tritonutils.py  51 : Adding model mula.
INFO: 05/07/2024 01:36:50 PM       tritonutils.py  54 : Model directory created at /Users/codycf/Desktop/arvo/server/docs/examples/model_repository/mula/1
INFO: 05/07/2024 01:46:02 PM       tritonutils.py  40 : Triton is available
INFO: 05/07/2024 01:46:02 PM       tritonutils.py  51 : Adding model test33.
INFO: 05/07/2024 01:46:02 PM       tritonutils.py  54 : Model directory created at /Users/codycf/Desktop/arvo/server/docs/examples/model_repository/test33/1
INFO: 05/07/2024 02:01:05 PM       tritonutils.py  40 : Triton is available
INFO: 05/07/2024 02:01:26 PM       tritonutils.py  40 : Triton is available
INFO: 05/07/2024 02:04:27 PM       tritonutils.py  40 : Triton is available
INFO: 05/07/2024 02:06:19 PM       tritonutils.py  40 : Triton is available
INFO: 05/07/2024 02:08:21 PM       tritonutils.py  40 : Triton is available
INFO: 05/07/2024 02:08:21 PM       tritonutils.py  52 : Adding model text_detection.
INFO: 05/07/2024 02:08:34 PM       tritonutils.py  40 : Triton is available
INFO: 05/07/2024 02:09:54 PM       tritonutils.py  40 : Triton is available
INFO: 05/07/2024 02:09:54 PM       tritonutils.py  48 : Model text_detection already exists.
INFO: 05/07/2024 02:10:10 PM       tritonutils.py  40 : Triton is available
INFO: 05/07/2024 02:10:10 PM       tritonutils.py  51 : Adding model text_recognition.
INFO: 05/07/2024 02:10:32 PM       tritonutils.py  40 : Triton is available
INFO: 05/07/2024 02:10:33 PM       tritonutils.py  48 : Model text_recognition already exists.
INFO: 05/07/2024 02:11:40 PM       tritonutils.py  40 : Triton is available
INFO: 05/07/2024 02:11:40 PM       tritonutils.py  51 : Adding model text_recognition.
INFO: 05/07/2024 02:14:17 PM       tritonutils.py  40 : Triton is available
INFO: 05/07/2024 02:14:17 PM       tritonutils.py  48 : Model text_recognition already exists.
INFO: 05/07/2024 02:14:43 PM       tritonutils.py  40 : Triton is available
INFO: 05/07/2024 02:14:43 PM       tritonutils.py  51 : Adding model text_recognition.
INFO: 05/07/2024 02:15:44 PM       tritonutils.py  40 : Triton is available
INFO: 05/07/2024 02:15:44 PM       tritonutils.py  51 : Adding model text_recognition.
INFO: 05/07/2024 02:16:14 PM       tritonutils.py  40 : Triton is available
INFO: 05/07/2024 02:16:14 PM       tritonutils.py  48 : Model text_recognition already exists.
INFO: 05/07/2024 02:16:19 PM       tritonutils.py  40 : Triton is available
INFO: 05/07/2024 02:16:19 PM       tritonutils.py  51 : Adding model text_recognition.
INFO: 05/07/2024 02:17:36 PM       tritonutils.py  40 : Triton is available
INFO: 05/07/2024 02:17:36 PM       tritonutils.py  51 : Adding model text_recognition.
INFO: 05/07/2024 02:17:36 PM       tritonutils.py  58 : Model directory created at /Users/codycf/Desktop/arvo/server/docs/examples/model_repository/text_recognition/1
INFO: 05/07/2024 02:26:52 PM       tritonutils.py  41 : Triton is available
INFO: 05/07/2024 02:26:52 PM       tritonutils.py  50 : Model text_recognition already exists.
INFO: 05/07/2024 02:27:23 PM       tritonutils.py  41 : Triton is available
INFO: 05/07/2024 02:27:23 PM       tritonutils.py  54 : Adding model text_recognition.
INFO: 05/07/2024 02:27:23 PM       tritonutils.py  61 : Model text_recognition not found.
INFO: 05/07/2024 02:31:49 PM       tritonutils.py  41 : Triton is available
INFO: 05/07/2024 02:31:49 PM       tritonutils.py  56 : Adding model text_recognition.
INFO: 05/07/2024 02:31:49 PM       tritonutils.py  66 : Model text_recognition not found.
INFO: 05/07/2024 02:31:49 PM       tritonutils.py  66 : Model text_recognition not found.
INFO: 05/07/2024 02:31:49 PM       tritonutils.py  63 : Model directory created at /Users/codycf/Desktop/arvo/server/docs/examples/model_repository/text_recognition/1
INFO: 05/07/2024 02:32:07 PM       tritonutils.py  41 : Triton is available
INFO: 05/07/2024 02:32:07 PM       tritonutils.py  56 : Adding model text_recognition.
INFO: 05/07/2024 02:32:07 PM       tritonutils.py  66 : Model text_recognition not found.
INFO: 05/07/2024 02:32:07 PM       tritonutils.py  66 : Model text_recognition not found.
INFO: 05/07/2024 02:34:46 PM       tritonutils.py  40 : Triton is available
INFO: 05/07/2024 02:34:46 PM       tritonutils.py  51 : Adding model text_recognition.
INFO: 05/07/2024 02:34:46 PM       tritonutils.py  61 : Model text_recognition not found.
INFO: 05/07/2024 02:34:46 PM       tritonutils.py  61 : Model text_recognition not found.
INFO: 05/07/2024 02:35:01 PM       tritonutils.py  40 : Triton is available
INFO: 05/07/2024 02:35:01 PM       tritonutils.py  51 : Adding model text_detection.
INFO: 05/07/2024 02:35:01 PM       tritonutils.py  58 : Model directory created at /Users/codycf/Desktop/arvo/server/docs/examples/model_repository/text_detection/1
INFO: 05/07/2024 02:37:23 PM       tritonutils.py  40 : Triton is available
INFO: 05/07/2024 02:37:23 PM       tritonutils.py  51 : Adding model text_detection.
INFO: 05/07/2024 02:37:23 PM       tritonutils.py  61 : Model text_detection not found.
INFO: 05/07/2024 02:37:23 PM       tritonutils.py  58 : Model directory created at /Users/codycf/Desktop/arvo/server/docs/examples/model_repository/text_detection/1
INFO: 05/07/2024 02:37:39 PM       tritonutils.py  40 : Triton is available
INFO: 05/07/2024 02:37:39 PM       tritonutils.py  51 : Adding model text_recognition.
INFO: 05/07/2024 02:37:39 PM       tritonutils.py  58 : Model directory created at /Users/codycf/Desktop/arvo/server/docs/examples/model_repository/text_recognition/1
INFO: 05/07/2024 02:47:01 PM       tritonutils.py  40 : Triton is available
INFO: 05/07/2024 02:47:01 PM       tritonutils.py  51 : Model text_recognition already exists.
INFO: 05/07/2024 02:47:10 PM       tritonutils.py  40 : Triton is available
INFO: 05/07/2024 02:47:10 PM       tritonutils.py  54 : Adding model text_recognition.
INFO: 05/07/2024 02:47:10 PM       tritonutils.py  61 : Model directory created at /Users/codycf/Desktop/arvo/server/docs/examples/model_repository/text_recognition/1
INFO: 05/07/2024 02:47:10 PM       tritonutils.py  63 : Model text_recognition not found.
INFO: 05/07/2024 02:48:10 PM       tritonutils.py  40 : Triton is available
INFO: 05/07/2024 02:48:10 PM       tritonutils.py  54 : Adding model text_detection.
INFO: 05/07/2024 02:48:10 PM       tritonutils.py  61 : Model directory created at /Users/codycf/Desktop/arvo/server/docs/examples/model_repository/text_detection/1
